<?xml version="1.0" encoding="UTF-8"?>
<!-- Generated by org.testng.reporters.JUnitXMLReporter -->
<testsuite ignored="0" hostname="DESKTOP-9806I4N" failures="0" tests="3" name="Default test" time="29.243" errors="0" timestamp="2021-03-23T15:39:36 CST">
  <testcase classname="report.RunnerSelenium" name="testCase" time="10.214"/>
  <testcase classname="report.RunnerSelenium" name="testCase" time="0.503"/>
  <testcase classname="report.RunnerSelenium" name="testCase" time="0.127"/>
</testsuite> <!-- Default test -->
